<?xml version="1.0" encoding="UTF-8"?>
<!-- Generated by org.testng.reporters.JUnitReportReporter -->
<testsuite hostname="DESKTOP-0JIPJHH" failures="0" tests="3" name="testNG.testNGdependOnMethod" time="0.009" errors="0" timestamp="2022-03-04T23:05:53 IST" skipped="0">
  <testcase classname="testNG.testNGdependOnMethod" name="highSecSchool" time="0.001"/>
  <system-out/>
  <testcase classname="testNG.testNGdependOnMethod" name="engineering" time="0.001"/>
  <system-out/>
  <testcase classname="testNG.testNGdependOnMethod" name="highSchool" time="0.007"/>
  <system-out/>
</testsuite> <!-- testNG.testNGdependOnMethod -->
