<?xml version="1.0" encoding="UTF-8"?>
<!-- Generated by org.testng.reporters.JUnitReportReporter -->
<testsuite hostname="DESKTOP-0JIPJHH" failures="0" tests="4" name="testNG.testNGFirst" time="0.012" errors="0" timestamp="2022-03-04T22:45:11 IST" skipped="0">
  <testcase classname="testNG.testNGFirst" name="firstGear" time="0.009"/>
  <system-out/>
  <testcase classname="testNG.testNGFirst" name="secondGear" time="0.001"/>
  <system-out/>
  <testcase classname="testNG.testNGFirst" name="thirdGear" time="0.001"/>
  <system-out/>
  <testcase classname="testNG.testNGFirst" name="startCar" time="0.001"/>
  <system-out/>
</testsuite> <!-- testNG.testNGFirst -->
